<?xml version="1.0" encoding="UTF-8"?>
<!-- Generated by org.testng.reporters.JUnitReportReporter -->
<testsuite hostname="Bhargav" failures="0" tests="2" name="Testng.Practice.DependsonMethod" time="0.012" errors="0" timestamp="22 Mar 2021 22:34:16 GMT" skipped="0">
  <testcase classname="Testng.Practice.DependsonMethod" name="test1" time="0.005"/>
  <testcase classname="Testng.Practice.DependsonMethod" name="test2" time="0.007"/>
</testsuite> <!-- Testng.Practice.DependsonMethod -->
