<?xml version="1.0" encoding="UTF-8"?>
<!-- Generated by org.testng.reporters.JUnitReportReporter -->
<testsuite hostname="Bhargav" failures="0" tests="6" name="Testng.Practice.invocationcount" time="0.050" errors="0" timestamp="22 Mar 2021 22:34:16 GMT" skipped="0">
  <testcase classname="Testng.Practice.invocationcount" name="test1" time="0.003"/>
  <testcase classname="Testng.Practice.invocationcount" name="test1" time="0.002"/>
  <testcase classname="Testng.Practice.invocationcount" name="Atest" time="0.022"/>
  <testcase classname="Testng.Practice.invocationcount" name="test1" time="0.007"/>
  <testcase classname="Testng.Practice.invocationcount" name="test1" time="0.004"/>
  <testcase classname="Testng.Practice.invocationcount" name="test1" time="0.012"/>
</testsuite> <!-- Testng.Practice.invocationcount -->
