<?xml version="1.0" encoding="UTF-8"?>
<!-- Generated by org.testng.reporters.JUnitReportReporter -->
<testsuite hostname="Bhargav" failures="0" tests="1" name="Testng.Practice.annotations" time="0.009" errors="0" timestamp="22 Mar 2021 22:34:16 GMT" skipped="0">
  <testcase classname="Testng.Practice.annotations" name="xtest" time="0.009"/>
</testsuite> <!-- Testng.Practice.annotations -->
