<?xml version="1.0" encoding="UTF-8"?>
<!-- Generated by org.testng.reporters.JUnitReportReporter -->
<testsuite hostname="Bhargav" failures="0" tests="1" name="Testng.Practice.Parmeters" time="0.014" errors="0" timestamp="29 Mar 2021 08:03:53 GMT" skipped="0">
  <testcase classname="Testng.Practice.Parmeters" name="login" time="0.014"/>
</testsuite> <!-- Testng.Practice.Parmeters -->
