<?xml version="1.0" encoding="UTF-8"?>
<!-- Generated by org.testng.reporters.JUnitReportReporter -->
<testsuite hostname="Bhargav" failures="0" tests="3" name="Dataprovider.dataprovider" time="0.027" errors="0" timestamp="29 Mar 2021 10:19:33 GMT" skipped="0">
  <testcase classname="Dataprovider.dataprovider" name="filling" time="0.004"/>
  <testcase classname="Dataprovider.dataprovider" name="filling" time="0.020"/>
  <testcase classname="Dataprovider.dataprovider" name="filling" time="0.003"/>
</testsuite> <!-- Dataprovider.dataprovider -->
