<?xml version="1.0" encoding="UTF-8"?>
<!-- Generated by org.testng.reporters.JUnitReportReporter -->
<testsuite hostname="Bhargav" failures="0" tests="7" name="Testng.Practice.Grops" time="0.029" errors="0" timestamp="22 Mar 2021 22:34:16 GMT" skipped="0">
  <testcase classname="Testng.Practice.Grops" name="test2" time="0.004"/>
  <testcase classname="Testng.Practice.Grops" name="test1" time="0.003"/>
  <testcase classname="Testng.Practice.Grops" name="test4" time="0.004"/>
  <testcase classname="Testng.Practice.Grops" name="test6" time="0.007"/>
  <testcase classname="Testng.Practice.Grops" name="test7" time="0.005"/>
  <testcase classname="Testng.Practice.Grops" name="test3" time="0.003"/>
  <testcase classname="Testng.Practice.Grops" name="test5" time="0.003"/>
</testsuite> <!-- Testng.Practice.Grops -->
